Exporter version: 3.3.2, Blender version: 4.0.1
========= Conversion from Blender to Babylon.js =========
	Scene settings used :
		Inline textures     :  false
		Material Type       :  PBR
		Positions Precision :  4
		Normals Precision   :  3
		UVs Precision       :  3
		Vert Color Precision:  3
		Mat Weight Precision:  2
		Keep Z-up r-handed  :  no
		Texture directory   :  C:\Users\clhar\Documents\ENIB\5A\REV\clay_pot\
	Python World class constructor completed
	WARNING: No active camera has been assigned, or is not in a currently enabled collection
	processing begun of mesh:  clay_pot1
		WARNING: No materials have been assigned: 
		num positions      :  968
		num normals        :  968
		num tangents       :  0
		num uvs            :  1936
		num uvs2           :  0
		num colors         :  0
		num triangles      :  1592
========= Writing of JSON file started =========
	writing mesh:  clay_pot1
========= Writing of JSON file completed =========
========= end of processing =========
elapsed time:  0 min, 0.1571 secs
